2017-03-02 20:44:54,642 - Log4JLogChute initialized using file 'velocity.log'
2017-03-02 20:44:54,642 - Initializing Velocity, Calling init()...
2017-03-02 20:44:54,642 - Starting Apache Velocity v1.7 (compiled: 2010-11-19 12:14:37)
2017-03-02 20:44:54,642 - Default Properties File: org\apache\velocity\runtime\defaults\velocity.properties
2017-03-02 20:44:54,642 - Trying to use logger class org.apache.velocity.runtime.log.AvalonLogChute
2017-03-02 20:44:54,642 - Target log system for org.apache.velocity.runtime.log.AvalonLogChute is not available (java.lang.NoClassDefFoundError: org/apache/log/format/Formatter).  Falling back to next log system...
2017-03-02 20:44:54,642 - Trying to use logger class org.apache.velocity.runtime.log.Log4JLogChute
2017-03-02 20:44:54,642 - Using logger class org.apache.velocity.runtime.log.Log4JLogChute
2017-03-02 20:44:54,652 - ResourceLoader instantiated: org.apache.velocity.runtime.resource.loader.FileResourceLoader
2017-03-02 20:44:54,652 - Do unicode file recognition:  false
2017-03-02 20:44:54,652 - FileResourceLoader : adding path '.'
2017-03-02 20:44:54,672 - ResourceCache: initialized (class org.apache.velocity.runtime.resource.ResourceCacheImpl) with class java.util.Collections$SynchronizedMap cache map.
2017-03-02 20:44:54,672 - Loaded System Directive: org.apache.velocity.runtime.directive.Stop
2017-03-02 20:44:54,672 - Loaded System Directive: org.apache.velocity.runtime.directive.Define
2017-03-02 20:44:54,672 - Loaded System Directive: org.apache.velocity.runtime.directive.Break
2017-03-02 20:44:54,672 - Loaded System Directive: org.apache.velocity.runtime.directive.Evaluate
2017-03-02 20:44:54,672 - Loaded System Directive: org.apache.velocity.runtime.directive.Literal
2017-03-02 20:44:54,682 - Loaded System Directive: org.apache.velocity.runtime.directive.Macro
2017-03-02 20:44:54,682 - Loaded System Directive: org.apache.velocity.runtime.directive.Parse
2017-03-02 20:44:54,682 - Loaded System Directive: org.apache.velocity.runtime.directive.Include
2017-03-02 20:44:54,682 - Loaded System Directive: org.apache.velocity.runtime.directive.Foreach
2017-03-02 20:44:54,744 - Created '20' parsers.
2017-03-02 20:44:54,754 - Velocimacro : "velocimacro.library" is not set.  Trying default library: VM_global_library.vm
2017-03-02 20:44:54,754 - Velocimacro : Default library not found.
2017-03-02 20:44:54,754 - Velocimacro : allowInline = true : VMs can be defined inline in templates
2017-03-02 20:44:54,754 - Velocimacro : allowInlineToOverride = false : VMs defined inline may NOT replace previous VM definitions
2017-03-02 20:44:54,754 - Velocimacro : allowInlineLocal = false : VMs defined inline will be global in scope if allowed.
2017-03-02 20:44:54,754 - Velocimacro : autoload off : VM system will not automatically reload global library macros
2017-03-02 20:44:54,774 - Log4JLogChute initialized using file 'velocity.log'
2017-03-02 20:44:54,774 - Log4JLogChute initialized using file 'velocity.log'
2017-03-02 20:44:54,774 - Initializing Velocity, Calling init()...
2017-03-02 20:44:54,774 - Initializing Velocity, Calling init()...
2017-03-02 20:44:54,774 - Starting Apache Velocity v1.7 (compiled: 2010-11-19 12:14:37)
2017-03-02 20:44:54,774 - Starting Apache Velocity v1.7 (compiled: 2010-11-19 12:14:37)
2017-03-02 20:44:54,774 - Default Properties File: org\apache\velocity\runtime\defaults\velocity.properties
2017-03-02 20:44:54,774 - Default Properties File: org\apache\velocity\runtime\defaults\velocity.properties
2017-03-02 20:44:54,774 - Trying to use logger class org.apache.velocity.runtime.log.AvalonLogChute
2017-03-02 20:44:54,774 - Trying to use logger class org.apache.velocity.runtime.log.AvalonLogChute
2017-03-02 20:44:54,774 - Target log system for org.apache.velocity.runtime.log.AvalonLogChute is not available (java.lang.NoClassDefFoundError: org/apache/log/format/Formatter).  Falling back to next log system...
2017-03-02 20:44:54,774 - Target log system for org.apache.velocity.runtime.log.AvalonLogChute is not available (java.lang.NoClassDefFoundError: org/apache/log/format/Formatter).  Falling back to next log system...
2017-03-02 20:44:54,792 - Trying to use logger class org.apache.velocity.runtime.log.Log4JLogChute
2017-03-02 20:44:54,792 - Trying to use logger class org.apache.velocity.runtime.log.Log4JLogChute
2017-03-02 20:44:54,792 - Using logger class org.apache.velocity.runtime.log.Log4JLogChute
2017-03-02 20:44:54,792 - Using logger class org.apache.velocity.runtime.log.Log4JLogChute
2017-03-02 20:44:54,792 - ResourceLoader instantiated: org.apache.velocity.runtime.resource.loader.FileResourceLoader
2017-03-02 20:44:54,792 - ResourceLoader instantiated: org.apache.velocity.runtime.resource.loader.FileResourceLoader
2017-03-02 20:44:54,792 - Do unicode file recognition:  false
2017-03-02 20:44:54,792 - Do unicode file recognition:  false
2017-03-02 20:44:54,792 - FileResourceLoader : adding path '.'
2017-03-02 20:44:54,792 - FileResourceLoader : adding path '.'
2017-03-02 20:44:54,793 - ResourceCache: initialized (class org.apache.velocity.runtime.resource.ResourceCacheImpl) with class java.util.Collections$SynchronizedMap cache map.
2017-03-02 20:44:54,793 - ResourceCache: initialized (class org.apache.velocity.runtime.resource.ResourceCacheImpl) with class java.util.Collections$SynchronizedMap cache map.
2017-03-02 20:44:54,795 - Loaded System Directive: org.apache.velocity.runtime.directive.Stop
2017-03-02 20:44:54,795 - Loaded System Directive: org.apache.velocity.runtime.directive.Stop
2017-03-02 20:44:54,795 - Loaded System Directive: org.apache.velocity.runtime.directive.Define
2017-03-02 20:44:54,795 - Loaded System Directive: org.apache.velocity.runtime.directive.Define
2017-03-02 20:44:54,795 - Loaded System Directive: org.apache.velocity.runtime.directive.Break
2017-03-02 20:44:54,795 - Loaded System Directive: org.apache.velocity.runtime.directive.Break
2017-03-02 20:44:54,795 - Loaded System Directive: org.apache.velocity.runtime.directive.Evaluate
2017-03-02 20:44:54,795 - Loaded System Directive: org.apache.velocity.runtime.directive.Evaluate
2017-03-02 20:44:54,795 - Loaded System Directive: org.apache.velocity.runtime.directive.Literal
2017-03-02 20:44:54,795 - Loaded System Directive: org.apache.velocity.runtime.directive.Literal
2017-03-02 20:44:54,795 - Loaded System Directive: org.apache.velocity.runtime.directive.Macro
2017-03-02 20:44:54,795 - Loaded System Directive: org.apache.velocity.runtime.directive.Macro
2017-03-02 20:44:54,795 - Loaded System Directive: org.apache.velocity.runtime.directive.Parse
2017-03-02 20:44:54,795 - Loaded System Directive: org.apache.velocity.runtime.directive.Parse
2017-03-02 20:44:54,795 - Loaded System Directive: org.apache.velocity.runtime.directive.Include
2017-03-02 20:44:54,795 - Loaded System Directive: org.apache.velocity.runtime.directive.Include
2017-03-02 20:44:54,796 - Loaded System Directive: org.apache.velocity.runtime.directive.Foreach
2017-03-02 20:44:54,796 - Loaded System Directive: org.apache.velocity.runtime.directive.Foreach
2017-03-02 20:44:54,797 - Created '20' parsers.
2017-03-02 20:44:54,797 - Created '20' parsers.
2017-03-02 20:44:54,797 - Velocimacro : "velocimacro.library" is not set.  Trying default library: VM_global_library.vm
2017-03-02 20:44:54,797 - Velocimacro : "velocimacro.library" is not set.  Trying default library: VM_global_library.vm
2017-03-02 20:44:54,797 - Velocimacro : Default library not found.
2017-03-02 20:44:54,797 - Velocimacro : Default library not found.
2017-03-02 20:44:54,797 - Velocimacro : allowInline = true : VMs can be defined inline in templates
2017-03-02 20:44:54,797 - Velocimacro : allowInline = true : VMs can be defined inline in templates
2017-03-02 20:44:54,798 - Velocimacro : allowInlineToOverride = false : VMs defined inline may NOT replace previous VM definitions
2017-03-02 20:44:54,798 - Velocimacro : allowInlineToOverride = false : VMs defined inline may NOT replace previous VM definitions
2017-03-02 20:44:54,798 - Velocimacro : allowInlineLocal = false : VMs defined inline will be global in scope if allowed.
2017-03-02 20:44:54,798 - Velocimacro : allowInlineLocal = false : VMs defined inline will be global in scope if allowed.
2017-03-02 20:44:54,798 - Velocimacro : autoload off : VM system will not automatically reload global library macros
2017-03-02 20:44:54,798 - Velocimacro : autoload off : VM system will not automatically reload global library macros
2017-03-02 20:44:54,825 - ResourceManager : found boss-common/src/main/resources/template/generatorConfig.vm with loader org.apache.velocity.runtime.resource.loader.FileResourceLoader
2017-03-02 20:44:54,825 - ResourceManager : found boss-common/src/main/resources/template/generatorConfig.vm with loader org.apache.velocity.runtime.resource.loader.FileResourceLoader
2017-03-02 20:44:54,829 - Null reference [template 'boss-common/src/main/resources/template/generatorConfig.vm', line 49, column 38] : ${generator.jdbc.driver} cannot be resolved.
2017-03-02 20:44:54,829 - Null reference [template 'boss-common/src/main/resources/template/generatorConfig.vm', line 49, column 38] : ${generator.jdbc.driver} cannot be resolved.
2017-03-02 20:44:54,829 - Null reference [template 'boss-common/src/main/resources/template/generatorConfig.vm', line 50, column 40] : ${generator.jdbc.url} cannot be resolved.
2017-03-02 20:44:54,829 - Null reference [template 'boss-common/src/main/resources/template/generatorConfig.vm', line 50, column 40] : ${generator.jdbc.url} cannot be resolved.
2017-03-02 20:44:54,829 - Null reference [template 'boss-common/src/main/resources/template/generatorConfig.vm', line 51, column 33] : ${generator.jdbc.username} cannot be resolved.
2017-03-02 20:44:54,829 - Null reference [template 'boss-common/src/main/resources/template/generatorConfig.vm', line 51, column 33] : ${generator.jdbc.username} cannot be resolved.
2017-03-02 20:47:42,298 - Log4JLogChute initialized using file 'velocity.log'
2017-03-02 20:47:42,299 - Initializing Velocity, Calling init()...
2017-03-02 20:47:42,299 - Starting Apache Velocity v1.7 (compiled: 2010-11-19 12:14:37)
2017-03-02 20:47:42,299 - Default Properties File: org\apache\velocity\runtime\defaults\velocity.properties
2017-03-02 20:47:42,299 - Trying to use logger class org.apache.velocity.runtime.log.AvalonLogChute
2017-03-02 20:47:42,299 - Target log system for org.apache.velocity.runtime.log.AvalonLogChute is not available (java.lang.NoClassDefFoundError: org/apache/log/format/Formatter).  Falling back to next log system...
2017-03-02 20:47:42,299 - Trying to use logger class org.apache.velocity.runtime.log.Log4JLogChute
2017-03-02 20:47:42,299 - Using logger class org.apache.velocity.runtime.log.Log4JLogChute
2017-03-02 20:47:42,308 - ResourceLoader instantiated: org.apache.velocity.runtime.resource.loader.FileResourceLoader
2017-03-02 20:47:42,310 - Do unicode file recognition:  false
2017-03-02 20:47:42,310 - FileResourceLoader : adding path '.'
2017-03-02 20:47:42,332 - ResourceCache: initialized (class org.apache.velocity.runtime.resource.ResourceCacheImpl) with class java.util.Collections$SynchronizedMap cache map.
2017-03-02 20:47:42,335 - Loaded System Directive: org.apache.velocity.runtime.directive.Stop
2017-03-02 20:47:42,338 - Loaded System Directive: org.apache.velocity.runtime.directive.Define
2017-03-02 20:47:42,339 - Loaded System Directive: org.apache.velocity.runtime.directive.Break
2017-03-02 20:47:42,340 - Loaded System Directive: org.apache.velocity.runtime.directive.Evaluate
2017-03-02 20:47:42,341 - Loaded System Directive: org.apache.velocity.runtime.directive.Literal
2017-03-02 20:47:42,343 - Loaded System Directive: org.apache.velocity.runtime.directive.Macro
2017-03-02 20:47:42,346 - Loaded System Directive: org.apache.velocity.runtime.directive.Parse
2017-03-02 20:47:42,348 - Loaded System Directive: org.apache.velocity.runtime.directive.Include
2017-03-02 20:47:42,352 - Loaded System Directive: org.apache.velocity.runtime.directive.Foreach
2017-03-02 20:47:42,480 - Created '20' parsers.
2017-03-02 20:47:42,493 - Velocimacro : "velocimacro.library" is not set.  Trying default library: VM_global_library.vm
2017-03-02 20:47:42,494 - Velocimacro : Default library not found.
2017-03-02 20:47:42,494 - Velocimacro : allowInline = true : VMs can be defined inline in templates
2017-03-02 20:47:42,494 - Velocimacro : allowInlineToOverride = false : VMs defined inline may NOT replace previous VM definitions
2017-03-02 20:47:42,494 - Velocimacro : allowInlineLocal = false : VMs defined inline will be global in scope if allowed.
2017-03-02 20:47:42,494 - Velocimacro : autoload off : VM system will not automatically reload global library macros
2017-03-02 20:47:42,500 - Log4JLogChute initialized using file 'velocity.log'
2017-03-02 20:47:42,500 - Log4JLogChute initialized using file 'velocity.log'
2017-03-02 20:47:42,500 - Initializing Velocity, Calling init()...
2017-03-02 20:47:42,500 - Initializing Velocity, Calling init()...
2017-03-02 20:47:42,500 - Starting Apache Velocity v1.7 (compiled: 2010-11-19 12:14:37)
2017-03-02 20:47:42,500 - Starting Apache Velocity v1.7 (compiled: 2010-11-19 12:14:37)
2017-03-02 20:47:42,501 - Default Properties File: org\apache\velocity\runtime\defaults\velocity.properties
2017-03-02 20:47:42,501 - Default Properties File: org\apache\velocity\runtime\defaults\velocity.properties
2017-03-02 20:47:42,501 - Trying to use logger class org.apache.velocity.runtime.log.AvalonLogChute
2017-03-02 20:47:42,501 - Trying to use logger class org.apache.velocity.runtime.log.AvalonLogChute
2017-03-02 20:47:42,501 - Target log system for org.apache.velocity.runtime.log.AvalonLogChute is not available (java.lang.NoClassDefFoundError: org/apache/log/format/Formatter).  Falling back to next log system...
2017-03-02 20:47:42,501 - Target log system for org.apache.velocity.runtime.log.AvalonLogChute is not available (java.lang.NoClassDefFoundError: org/apache/log/format/Formatter).  Falling back to next log system...
2017-03-02 20:47:42,501 - Trying to use logger class org.apache.velocity.runtime.log.Log4JLogChute
2017-03-02 20:47:42,501 - Trying to use logger class org.apache.velocity.runtime.log.Log4JLogChute
2017-03-02 20:47:42,501 - Using logger class org.apache.velocity.runtime.log.Log4JLogChute
2017-03-02 20:47:42,501 - Using logger class org.apache.velocity.runtime.log.Log4JLogChute
2017-03-02 20:47:42,503 - ResourceLoader instantiated: org.apache.velocity.runtime.resource.loader.FileResourceLoader
2017-03-02 20:47:42,503 - ResourceLoader instantiated: org.apache.velocity.runtime.resource.loader.FileResourceLoader
2017-03-02 20:47:42,503 - Do unicode file recognition:  false
2017-03-02 20:47:42,503 - Do unicode file recognition:  false
2017-03-02 20:47:42,503 - FileResourceLoader : adding path '.'
2017-03-02 20:47:42,503 - FileResourceLoader : adding path '.'
2017-03-02 20:47:42,504 - ResourceCache: initialized (class org.apache.velocity.runtime.resource.ResourceCacheImpl) with class java.util.Collections$SynchronizedMap cache map.
2017-03-02 20:47:42,504 - ResourceCache: initialized (class org.apache.velocity.runtime.resource.ResourceCacheImpl) with class java.util.Collections$SynchronizedMap cache map.
2017-03-02 20:47:42,505 - Loaded System Directive: org.apache.velocity.runtime.directive.Stop
2017-03-02 20:47:42,505 - Loaded System Directive: org.apache.velocity.runtime.directive.Stop
2017-03-02 20:47:42,505 - Loaded System Directive: org.apache.velocity.runtime.directive.Define
2017-03-02 20:47:42,505 - Loaded System Directive: org.apache.velocity.runtime.directive.Define
2017-03-02 20:47:42,505 - Loaded System Directive: org.apache.velocity.runtime.directive.Break
2017-03-02 20:47:42,505 - Loaded System Directive: org.apache.velocity.runtime.directive.Break
2017-03-02 20:47:42,505 - Loaded System Directive: org.apache.velocity.runtime.directive.Evaluate
2017-03-02 20:47:42,505 - Loaded System Directive: org.apache.velocity.runtime.directive.Evaluate
2017-03-02 20:47:42,505 - Loaded System Directive: org.apache.velocity.runtime.directive.Literal
2017-03-02 20:47:42,505 - Loaded System Directive: org.apache.velocity.runtime.directive.Literal
2017-03-02 20:47:42,505 - Loaded System Directive: org.apache.velocity.runtime.directive.Macro
2017-03-02 20:47:42,505 - Loaded System Directive: org.apache.velocity.runtime.directive.Macro
2017-03-02 20:47:42,505 - Loaded System Directive: org.apache.velocity.runtime.directive.Parse
2017-03-02 20:47:42,505 - Loaded System Directive: org.apache.velocity.runtime.directive.Parse
2017-03-02 20:47:42,506 - Loaded System Directive: org.apache.velocity.runtime.directive.Include
2017-03-02 20:47:42,506 - Loaded System Directive: org.apache.velocity.runtime.directive.Include
2017-03-02 20:47:42,506 - Loaded System Directive: org.apache.velocity.runtime.directive.Foreach
2017-03-02 20:47:42,506 - Loaded System Directive: org.apache.velocity.runtime.directive.Foreach
2017-03-02 20:47:42,507 - Created '20' parsers.
2017-03-02 20:47:42,507 - Created '20' parsers.
2017-03-02 20:47:42,507 - Velocimacro : "velocimacro.library" is not set.  Trying default library: VM_global_library.vm
2017-03-02 20:47:42,507 - Velocimacro : "velocimacro.library" is not set.  Trying default library: VM_global_library.vm
2017-03-02 20:47:42,508 - Velocimacro : Default library not found.
2017-03-02 20:47:42,508 - Velocimacro : Default library not found.
2017-03-02 20:47:42,508 - Velocimacro : allowInline = true : VMs can be defined inline in templates
2017-03-02 20:47:42,508 - Velocimacro : allowInline = true : VMs can be defined inline in templates
2017-03-02 20:47:42,508 - Velocimacro : allowInlineToOverride = false : VMs defined inline may NOT replace previous VM definitions
2017-03-02 20:47:42,508 - Velocimacro : allowInlineToOverride = false : VMs defined inline may NOT replace previous VM definitions
2017-03-02 20:47:42,509 - Velocimacro : allowInlineLocal = false : VMs defined inline will be global in scope if allowed.
2017-03-02 20:47:42,509 - Velocimacro : allowInlineLocal = false : VMs defined inline will be global in scope if allowed.
2017-03-02 20:47:42,509 - Velocimacro : autoload off : VM system will not automatically reload global library macros
2017-03-02 20:47:42,509 - Velocimacro : autoload off : VM system will not automatically reload global library macros
2017-03-02 20:47:42,564 - ResourceManager : found boss-common/src/main/resources/template/generatorConfig.vm with loader org.apache.velocity.runtime.resource.loader.FileResourceLoader
2017-03-02 20:47:42,564 - ResourceManager : found boss-common/src/main/resources/template/generatorConfig.vm with loader org.apache.velocity.runtime.resource.loader.FileResourceLoader
2017-03-02 20:47:42,570 - Null reference [template 'boss-common/src/main/resources/template/generatorConfig.vm', line 49, column 38] : ${generator.jdbc.driver} cannot be resolved.
2017-03-02 20:47:42,570 - Null reference [template 'boss-common/src/main/resources/template/generatorConfig.vm', line 49, column 38] : ${generator.jdbc.driver} cannot be resolved.
2017-03-02 20:47:42,570 - Null reference [template 'boss-common/src/main/resources/template/generatorConfig.vm', line 50, column 40] : ${generator.jdbc.url} cannot be resolved.
2017-03-02 20:47:42,570 - Null reference [template 'boss-common/src/main/resources/template/generatorConfig.vm', line 50, column 40] : ${generator.jdbc.url} cannot be resolved.
2017-03-02 20:47:42,570 - Null reference [template 'boss-common/src/main/resources/template/generatorConfig.vm', line 51, column 33] : ${generator.jdbc.username} cannot be resolved.
2017-03-02 20:47:42,570 - Null reference [template 'boss-common/src/main/resources/template/generatorConfig.vm', line 51, column 33] : ${generator.jdbc.username} cannot be resolved.
2017-03-02 20:47:47,043 - Log4JLogChute initialized using file 'velocity.log'
2017-03-02 20:47:47,046 - Initializing Velocity, Calling init()...
2017-03-02 20:47:47,046 - Starting Apache Velocity v1.7 (compiled: 2010-11-19 12:14:37)
2017-03-02 20:47:47,046 - Default Properties File: org\apache\velocity\runtime\defaults\velocity.properties
2017-03-02 20:47:47,046 - Trying to use logger class org.apache.velocity.runtime.log.AvalonLogChute
2017-03-02 20:47:47,046 - Target log system for org.apache.velocity.runtime.log.AvalonLogChute is not available (java.lang.NoClassDefFoundError: org/apache/log/format/Formatter).  Falling back to next log system...
2017-03-02 20:47:47,046 - Trying to use logger class org.apache.velocity.runtime.log.Log4JLogChute
2017-03-02 20:47:47,046 - Using logger class org.apache.velocity.runtime.log.Log4JLogChute
2017-03-02 20:47:47,060 - ResourceLoader instantiated: org.apache.velocity.runtime.resource.loader.FileResourceLoader
2017-03-02 20:47:47,062 - Do unicode file recognition:  false
2017-03-02 20:47:47,062 - FileResourceLoader : adding path '.'
2017-03-02 20:47:47,081 - ResourceCache: initialized (class org.apache.velocity.runtime.resource.ResourceCacheImpl) with class java.util.Collections$SynchronizedMap cache map.
2017-03-02 20:47:47,083 - Loaded System Directive: org.apache.velocity.runtime.directive.Stop
2017-03-02 20:47:47,085 - Loaded System Directive: org.apache.velocity.runtime.directive.Define
2017-03-02 20:47:47,086 - Loaded System Directive: org.apache.velocity.runtime.directive.Break
2017-03-02 20:47:47,087 - Loaded System Directive: org.apache.velocity.runtime.directive.Evaluate
2017-03-02 20:47:47,088 - Loaded System Directive: org.apache.velocity.runtime.directive.Literal
2017-03-02 20:47:47,090 - Loaded System Directive: org.apache.velocity.runtime.directive.Macro
2017-03-02 20:47:47,094 - Loaded System Directive: org.apache.velocity.runtime.directive.Parse
2017-03-02 20:47:47,096 - Loaded System Directive: org.apache.velocity.runtime.directive.Include
2017-03-02 20:47:47,099 - Loaded System Directive: org.apache.velocity.runtime.directive.Foreach
2017-03-02 20:47:47,265 - Created '20' parsers.
2017-03-02 20:47:47,280 - Velocimacro : "velocimacro.library" is not set.  Trying default library: VM_global_library.vm
2017-03-02 20:47:47,280 - Velocimacro : Default library not found.
2017-03-02 20:47:47,280 - Velocimacro : allowInline = true : VMs can be defined inline in templates
2017-03-02 20:47:47,280 - Velocimacro : allowInlineToOverride = false : VMs defined inline may NOT replace previous VM definitions
2017-03-02 20:47:47,280 - Velocimacro : allowInlineLocal = false : VMs defined inline will be global in scope if allowed.
2017-03-02 20:47:47,280 - Velocimacro : autoload off : VM system will not automatically reload global library macros
2017-03-02 20:47:47,288 - Log4JLogChute initialized using file 'velocity.log'
2017-03-02 20:47:47,288 - Log4JLogChute initialized using file 'velocity.log'
2017-03-02 20:47:47,289 - Initializing Velocity, Calling init()...
2017-03-02 20:47:47,289 - Initializing Velocity, Calling init()...
2017-03-02 20:47:47,289 - Starting Apache Velocity v1.7 (compiled: 2010-11-19 12:14:37)
2017-03-02 20:47:47,289 - Starting Apache Velocity v1.7 (compiled: 2010-11-19 12:14:37)
2017-03-02 20:47:47,289 - Default Properties File: org\apache\velocity\runtime\defaults\velocity.properties
2017-03-02 20:47:47,289 - Default Properties File: org\apache\velocity\runtime\defaults\velocity.properties
2017-03-02 20:47:47,289 - Trying to use logger class org.apache.velocity.runtime.log.AvalonLogChute
2017-03-02 20:47:47,289 - Trying to use logger class org.apache.velocity.runtime.log.AvalonLogChute
2017-03-02 20:47:47,289 - Target log system for org.apache.velocity.runtime.log.AvalonLogChute is not available (java.lang.NoClassDefFoundError: org/apache/log/format/Formatter).  Falling back to next log system...
2017-03-02 20:47:47,289 - Target log system for org.apache.velocity.runtime.log.AvalonLogChute is not available (java.lang.NoClassDefFoundError: org/apache/log/format/Formatter).  Falling back to next log system...
2017-03-02 20:47:47,289 - Trying to use logger class org.apache.velocity.runtime.log.Log4JLogChute
2017-03-02 20:47:47,289 - Trying to use logger class org.apache.velocity.runtime.log.Log4JLogChute
2017-03-02 20:47:47,289 - Using logger class org.apache.velocity.runtime.log.Log4JLogChute
2017-03-02 20:47:47,289 - Using logger class org.apache.velocity.runtime.log.Log4JLogChute
2017-03-02 20:47:47,289 - ResourceLoader instantiated: org.apache.velocity.runtime.resource.loader.FileResourceLoader
2017-03-02 20:47:47,289 - ResourceLoader instantiated: org.apache.velocity.runtime.resource.loader.FileResourceLoader
2017-03-02 20:47:47,289 - Do unicode file recognition:  false
2017-03-02 20:47:47,289 - Do unicode file recognition:  false
2017-03-02 20:47:47,290 - FileResourceLoader : adding path '.'
2017-03-02 20:47:47,290 - FileResourceLoader : adding path '.'
2017-03-02 20:47:47,290 - ResourceCache: initialized (class org.apache.velocity.runtime.resource.ResourceCacheImpl) with class java.util.Collections$SynchronizedMap cache map.
2017-03-02 20:47:47,290 - ResourceCache: initialized (class org.apache.velocity.runtime.resource.ResourceCacheImpl) with class java.util.Collections$SynchronizedMap cache map.
2017-03-02 20:47:47,295 - Loaded System Directive: org.apache.velocity.runtime.directive.Stop
2017-03-02 20:47:47,295 - Loaded System Directive: org.apache.velocity.runtime.directive.Stop
2017-03-02 20:47:47,296 - Loaded System Directive: org.apache.velocity.runtime.directive.Define
2017-03-02 20:47:47,296 - Loaded System Directive: org.apache.velocity.runtime.directive.Define
2017-03-02 20:47:47,296 - Loaded System Directive: org.apache.velocity.runtime.directive.Break
2017-03-02 20:47:47,296 - Loaded System Directive: org.apache.velocity.runtime.directive.Break
2017-03-02 20:47:47,296 - Loaded System Directive: org.apache.velocity.runtime.directive.Evaluate
2017-03-02 20:47:47,296 - Loaded System Directive: org.apache.velocity.runtime.directive.Evaluate
2017-03-02 20:47:47,296 - Loaded System Directive: org.apache.velocity.runtime.directive.Literal
2017-03-02 20:47:47,296 - Loaded System Directive: org.apache.velocity.runtime.directive.Literal
2017-03-02 20:47:47,296 - Loaded System Directive: org.apache.velocity.runtime.directive.Macro
2017-03-02 20:47:47,296 - Loaded System Directive: org.apache.velocity.runtime.directive.Macro
2017-03-02 20:47:47,296 - Loaded System Directive: org.apache.velocity.runtime.directive.Parse
2017-03-02 20:47:47,296 - Loaded System Directive: org.apache.velocity.runtime.directive.Parse
2017-03-02 20:47:47,296 - Loaded System Directive: org.apache.velocity.runtime.directive.Include
2017-03-02 20:47:47,296 - Loaded System Directive: org.apache.velocity.runtime.directive.Include
2017-03-02 20:47:47,296 - Loaded System Directive: org.apache.velocity.runtime.directive.Foreach
2017-03-02 20:47:47,296 - Loaded System Directive: org.apache.velocity.runtime.directive.Foreach
2017-03-02 20:47:47,300 - Created '20' parsers.
2017-03-02 20:47:47,300 - Created '20' parsers.
2017-03-02 20:47:47,300 - Velocimacro : "velocimacro.library" is not set.  Trying default library: VM_global_library.vm
2017-03-02 20:47:47,300 - Velocimacro : "velocimacro.library" is not set.  Trying default library: VM_global_library.vm
2017-03-02 20:47:47,300 - Velocimacro : Default library not found.
2017-03-02 20:47:47,300 - Velocimacro : Default library not found.
2017-03-02 20:47:47,300 - Velocimacro : allowInline = true : VMs can be defined inline in templates
2017-03-02 20:47:47,300 - Velocimacro : allowInline = true : VMs can be defined inline in templates
2017-03-02 20:47:47,300 - Velocimacro : allowInlineToOverride = false : VMs defined inline may NOT replace previous VM definitions
2017-03-02 20:47:47,300 - Velocimacro : allowInlineToOverride = false : VMs defined inline may NOT replace previous VM definitions
2017-03-02 20:47:47,301 - Velocimacro : allowInlineLocal = false : VMs defined inline will be global in scope if allowed.
2017-03-02 20:47:47,301 - Velocimacro : allowInlineLocal = false : VMs defined inline will be global in scope if allowed.
2017-03-02 20:47:47,301 - Velocimacro : autoload off : VM system will not automatically reload global library macros
2017-03-02 20:47:47,301 - Velocimacro : autoload off : VM system will not automatically reload global library macros
2017-03-02 20:47:47,359 - ResourceManager : found boss-common/src/main/resources/template/generatorConfig.vm with loader org.apache.velocity.runtime.resource.loader.FileResourceLoader
2017-03-02 20:47:47,359 - ResourceManager : found boss-common/src/main/resources/template/generatorConfig.vm with loader org.apache.velocity.runtime.resource.loader.FileResourceLoader
2017-03-02 20:47:47,364 - Null reference [template 'boss-common/src/main/resources/template/generatorConfig.vm', line 49, column 38] : ${generator.jdbc.driver} cannot be resolved.
2017-03-02 20:47:47,364 - Null reference [template 'boss-common/src/main/resources/template/generatorConfig.vm', line 49, column 38] : ${generator.jdbc.driver} cannot be resolved.
2017-03-02 20:47:47,364 - Null reference [template 'boss-common/src/main/resources/template/generatorConfig.vm', line 50, column 40] : ${generator.jdbc.url} cannot be resolved.
2017-03-02 20:47:47,364 - Null reference [template 'boss-common/src/main/resources/template/generatorConfig.vm', line 50, column 40] : ${generator.jdbc.url} cannot be resolved.
2017-03-02 20:47:47,364 - Null reference [template 'boss-common/src/main/resources/template/generatorConfig.vm', line 51, column 33] : ${generator.jdbc.username} cannot be resolved.
2017-03-02 20:47:47,364 - Null reference [template 'boss-common/src/main/resources/template/generatorConfig.vm', line 51, column 33] : ${generator.jdbc.username} cannot be resolved.
2017-03-02 20:47:50,877 - Log4JLogChute initialized using file 'velocity.log'
2017-03-02 20:47:50,877 - Initializing Velocity, Calling init()...
2017-03-02 20:47:50,877 - Starting Apache Velocity v1.7 (compiled: 2010-11-19 12:14:37)
2017-03-02 20:47:50,877 - Default Properties File: org\apache\velocity\runtime\defaults\velocity.properties
2017-03-02 20:47:50,877 - Trying to use logger class org.apache.velocity.runtime.log.AvalonLogChute
2017-03-02 20:47:50,877 - Target log system for org.apache.velocity.runtime.log.AvalonLogChute is not available (java.lang.NoClassDefFoundError: org/apache/log/format/Formatter).  Falling back to next log system...
2017-03-02 20:47:50,877 - Trying to use logger class org.apache.velocity.runtime.log.Log4JLogChute
2017-03-02 20:47:50,877 - Using logger class org.apache.velocity.runtime.log.Log4JLogChute
2017-03-02 20:47:50,887 - ResourceLoader instantiated: org.apache.velocity.runtime.resource.loader.FileResourceLoader
2017-03-02 20:47:50,887 - Do unicode file recognition:  false
2017-03-02 20:47:50,887 - FileResourceLoader : adding path '.'
2017-03-02 20:47:50,897 - ResourceCache: initialized (class org.apache.velocity.runtime.resource.ResourceCacheImpl) with class java.util.Collections$SynchronizedMap cache map.
2017-03-02 20:47:50,897 - Loaded System Directive: org.apache.velocity.runtime.directive.Stop
2017-03-02 20:47:50,897 - Loaded System Directive: org.apache.velocity.runtime.directive.Define
2017-03-02 20:47:50,897 - Loaded System Directive: org.apache.velocity.runtime.directive.Break
2017-03-02 20:47:50,897 - Loaded System Directive: org.apache.velocity.runtime.directive.Evaluate
2017-03-02 20:47:50,897 - Loaded System Directive: org.apache.velocity.runtime.directive.Literal
2017-03-02 20:47:50,897 - Loaded System Directive: org.apache.velocity.runtime.directive.Macro
2017-03-02 20:47:50,897 - Loaded System Directive: org.apache.velocity.runtime.directive.Parse
2017-03-02 20:47:50,907 - Loaded System Directive: org.apache.velocity.runtime.directive.Include
2017-03-02 20:47:50,907 - Loaded System Directive: org.apache.velocity.runtime.directive.Foreach
2017-03-02 20:47:50,947 - Created '20' parsers.
2017-03-02 20:47:50,947 - Velocimacro : "velocimacro.library" is not set.  Trying default library: VM_global_library.vm
2017-03-02 20:47:50,947 - Velocimacro : Default library not found.
2017-03-02 20:47:50,947 - Velocimacro : allowInline = true : VMs can be defined inline in templates
2017-03-02 20:47:50,947 - Velocimacro : allowInlineToOverride = false : VMs defined inline may NOT replace previous VM definitions
2017-03-02 20:47:50,947 - Velocimacro : allowInlineLocal = false : VMs defined inline will be global in scope if allowed.
2017-03-02 20:47:50,947 - Velocimacro : autoload off : VM system will not automatically reload global library macros
2017-03-02 20:47:50,957 - Log4JLogChute initialized using file 'velocity.log'
2017-03-02 20:47:50,957 - Log4JLogChute initialized using file 'velocity.log'
2017-03-02 20:47:50,957 - Initializing Velocity, Calling init()...
2017-03-02 20:47:50,957 - Initializing Velocity, Calling init()...
2017-03-02 20:47:50,957 - Starting Apache Velocity v1.7 (compiled: 2010-11-19 12:14:37)
2017-03-02 20:47:50,957 - Starting Apache Velocity v1.7 (compiled: 2010-11-19 12:14:37)
2017-03-02 20:47:50,957 - Default Properties File: org\apache\velocity\runtime\defaults\velocity.properties
2017-03-02 20:47:50,957 - Default Properties File: org\apache\velocity\runtime\defaults\velocity.properties
2017-03-02 20:47:50,957 - Trying to use logger class org.apache.velocity.runtime.log.AvalonLogChute
2017-03-02 20:47:50,957 - Trying to use logger class org.apache.velocity.runtime.log.AvalonLogChute
2017-03-02 20:47:50,957 - Target log system for org.apache.velocity.runtime.log.AvalonLogChute is not available (java.lang.NoClassDefFoundError: org/apache/log/format/Formatter).  Falling back to next log system...
2017-03-02 20:47:50,957 - Target log system for org.apache.velocity.runtime.log.AvalonLogChute is not available (java.lang.NoClassDefFoundError: org/apache/log/format/Formatter).  Falling back to next log system...
2017-03-02 20:47:50,957 - Trying to use logger class org.apache.velocity.runtime.log.Log4JLogChute
2017-03-02 20:47:50,957 - Trying to use logger class org.apache.velocity.runtime.log.Log4JLogChute
2017-03-02 20:47:50,957 - Using logger class org.apache.velocity.runtime.log.Log4JLogChute
2017-03-02 20:47:50,957 - Using logger class org.apache.velocity.runtime.log.Log4JLogChute
2017-03-02 20:47:50,957 - ResourceLoader instantiated: org.apache.velocity.runtime.resource.loader.FileResourceLoader
2017-03-02 20:47:50,957 - ResourceLoader instantiated: org.apache.velocity.runtime.resource.loader.FileResourceLoader
2017-03-02 20:47:50,957 - Do unicode file recognition:  false
2017-03-02 20:47:50,957 - Do unicode file recognition:  false
2017-03-02 20:47:50,957 - FileResourceLoader : adding path '.'
2017-03-02 20:47:50,957 - FileResourceLoader : adding path '.'
2017-03-02 20:47:50,957 - ResourceCache: initialized (class org.apache.velocity.runtime.resource.ResourceCacheImpl) with class java.util.Collections$SynchronizedMap cache map.
2017-03-02 20:47:50,957 - ResourceCache: initialized (class org.apache.velocity.runtime.resource.ResourceCacheImpl) with class java.util.Collections$SynchronizedMap cache map.
2017-03-02 20:47:50,957 - Loaded System Directive: org.apache.velocity.runtime.directive.Stop
2017-03-02 20:47:50,957 - Loaded System Directive: org.apache.velocity.runtime.directive.Stop
2017-03-02 20:47:50,957 - Loaded System Directive: org.apache.velocity.runtime.directive.Define
2017-03-02 20:47:50,957 - Loaded System Directive: org.apache.velocity.runtime.directive.Define
2017-03-02 20:47:50,957 - Loaded System Directive: org.apache.velocity.runtime.directive.Break
2017-03-02 20:47:50,957 - Loaded System Directive: org.apache.velocity.runtime.directive.Break
2017-03-02 20:47:50,957 - Loaded System Directive: org.apache.velocity.runtime.directive.Evaluate
2017-03-02 20:47:50,957 - Loaded System Directive: org.apache.velocity.runtime.directive.Evaluate
2017-03-02 20:47:50,957 - Loaded System Directive: org.apache.velocity.runtime.directive.Literal
2017-03-02 20:47:50,957 - Loaded System Directive: org.apache.velocity.runtime.directive.Literal
2017-03-02 20:47:50,957 - Loaded System Directive: org.apache.velocity.runtime.directive.Macro
2017-03-02 20:47:50,957 - Loaded System Directive: org.apache.velocity.runtime.directive.Macro
2017-03-02 20:47:50,957 - Loaded System Directive: org.apache.velocity.runtime.directive.Parse
2017-03-02 20:47:50,957 - Loaded System Directive: org.apache.velocity.runtime.directive.Parse
2017-03-02 20:47:50,957 - Loaded System Directive: org.apache.velocity.runtime.directive.Include
2017-03-02 20:47:50,957 - Loaded System Directive: org.apache.velocity.runtime.directive.Include
2017-03-02 20:47:50,957 - Loaded System Directive: org.apache.velocity.runtime.directive.Foreach
2017-03-02 20:47:50,957 - Loaded System Directive: org.apache.velocity.runtime.directive.Foreach
2017-03-02 20:47:50,957 - Created '20' parsers.
2017-03-02 20:47:50,957 - Created '20' parsers.
2017-03-02 20:47:50,957 - Velocimacro : "velocimacro.library" is not set.  Trying default library: VM_global_library.vm
2017-03-02 20:47:50,957 - Velocimacro : "velocimacro.library" is not set.  Trying default library: VM_global_library.vm
2017-03-02 20:47:50,957 - Velocimacro : Default library not found.
2017-03-02 20:47:50,957 - Velocimacro : Default library not found.
2017-03-02 20:47:50,957 - Velocimacro : allowInline = true : VMs can be defined inline in templates
2017-03-02 20:47:50,957 - Velocimacro : allowInline = true : VMs can be defined inline in templates
2017-03-02 20:47:50,957 - Velocimacro : allowInlineToOverride = false : VMs defined inline may NOT replace previous VM definitions
2017-03-02 20:47:50,957 - Velocimacro : allowInlineToOverride = false : VMs defined inline may NOT replace previous VM definitions
2017-03-02 20:47:50,957 - Velocimacro : allowInlineLocal = false : VMs defined inline will be global in scope if allowed.
2017-03-02 20:47:50,957 - Velocimacro : allowInlineLocal = false : VMs defined inline will be global in scope if allowed.
2017-03-02 20:47:50,957 - Velocimacro : autoload off : VM system will not automatically reload global library macros
2017-03-02 20:47:50,957 - Velocimacro : autoload off : VM system will not automatically reload global library macros
2017-03-02 20:47:50,977 - ResourceManager : found boss-common/src/main/resources/template/generatorConfig.vm with loader org.apache.velocity.runtime.resource.loader.FileResourceLoader
2017-03-02 20:47:50,977 - ResourceManager : found boss-common/src/main/resources/template/generatorConfig.vm with loader org.apache.velocity.runtime.resource.loader.FileResourceLoader
2017-03-02 20:47:50,977 - Null reference [template 'boss-common/src/main/resources/template/generatorConfig.vm', line 49, column 38] : ${generator.jdbc.driver} cannot be resolved.
2017-03-02 20:47:50,977 - Null reference [template 'boss-common/src/main/resources/template/generatorConfig.vm', line 49, column 38] : ${generator.jdbc.driver} cannot be resolved.
2017-03-02 20:47:50,977 - Null reference [template 'boss-common/src/main/resources/template/generatorConfig.vm', line 50, column 40] : ${generator.jdbc.url} cannot be resolved.
2017-03-02 20:47:50,977 - Null reference [template 'boss-common/src/main/resources/template/generatorConfig.vm', line 50, column 40] : ${generator.jdbc.url} cannot be resolved.
2017-03-02 20:47:50,977 - Null reference [template 'boss-common/src/main/resources/template/generatorConfig.vm', line 51, column 33] : ${generator.jdbc.username} cannot be resolved.
2017-03-02 20:47:50,977 - Null reference [template 'boss-common/src/main/resources/template/generatorConfig.vm', line 51, column 33] : ${generator.jdbc.username} cannot be resolved.
